Using pre-set license
Built from '2022.3/staging' branch; Version is '2022.3.16f1 (d2c21f0ef2f1) revision 13812255'; Using compiler version '192829333'; Build Type 'Release'
OS: 'Windows 10  (10.0.19045) 64bit Professional' Language: 'pt' Physical Memory: 16034 MB
BatchMode: 1, IsHumanControllingUs: 0, StartBugReporterOnCrash: 0, Is64bit: 1, IsPro: 1

COMMAND LINE ARGUMENTS:
C:\Program Files\Unity\Hub\Editor\2022.3.16f1\Editor\Unity.exe
-adb2
-batchMode
-noUpm
-name
AssetImportWorker12
-projectPath
C:/Users/24025873/Documents/GitHub/Jogo-Refirestation/Mapa
-logFile
Logs/AssetImportWorker12.log
-srvPort
49981
Successfully changed project path to: C:/Users/24025873/Documents/GitHub/Jogo-Refirestation/Mapa
C:/Users/24025873/Documents/GitHub/Jogo-Refirestation/Mapa
[UnityMemory] Configuration Parameters - Can be set up in boot.config
    "memorysetup-bucket-allocator-granularity=16"
    "memorysetup-bucket-allocator-bucket-count=8"
    "memorysetup-bucket-allocator-block-size=33554432"
    "memorysetup-bucket-allocator-block-count=8"
    "memorysetup-main-allocator-block-size=16777216"
    "memorysetup-thread-allocator-block-size=16777216"
    "memorysetup-gfx-main-allocator-block-size=16777216"
    "memorysetup-gfx-thread-allocator-block-size=16777216"
    "memorysetup-cache-allocator-block-size=4194304"
    "memorysetup-typetree-allocator-block-size=2097152"
    "memorysetup-profiler-bucket-allocator-granularity=16"
    "memorysetup-profiler-bucket-allocator-bucket-count=8"
    "memorysetup-profiler-bucket-allocator-block-size=33554432"
    "memorysetup-profiler-bucket-allocator-block-count=8"
    "memorysetup-profiler-allocator-block-size=16777216"
    "memorysetup-profiler-editor-allocator-block-size=1048576"
    "memorysetup-temp-allocator-size-main=16777216"
    "memorysetup-job-temp-allocator-block-size=2097152"
    "memorysetup-job-temp-allocator-block-size-background=1048576"
    "memorysetup-job-temp-allocator-reduction-small-platforms=262144"
    "memorysetup-allocator-temp-initial-block-size-main=262144"
    "memorysetup-allocator-temp-initial-block-size-worker=262144"
    "memorysetup-temp-allocator-size-background-worker=32768"
    "memorysetup-temp-allocator-size-job-worker=262144"
    "memorysetup-temp-allocator-size-preload-manager=33554432"
    "memorysetup-temp-allocator-size-nav-mesh-worker=65536"
    "memorysetup-temp-allocator-size-audio-worker=65536"
    "memorysetup-temp-allocator-size-cloud-worker=32768"
    "memorysetup-temp-allocator-size-gi-baking-worker=262144"
    "memorysetup-temp-allocator-size-gfx=262144"
Player connection [6432] Host "[IP] 132.1.21.28 [Port] 0 [Flags] 2 [Guid] 1121133536 [EditorId] 1121133536 [Version] 1048832 [Id] WindowsEditor(7,321-28) [Debug] 1 [PackageName] WindowsEditor [ProjectName] Editor" joined multi-casting on [225.0.0.222:54997]...

Player connection [6432] Host "[IP] 132.1.21.28 [Port] 0 [Flags] 2 [Guid] 1121133536 [EditorId] 1121133536 [Version] 1048832 [Id] WindowsEditor(7,321-28) [Debug] 1 [PackageName] WindowsEditor [ProjectName] Editor" joined alternative multi-casting on [225.0.0.222:34997]...

[Physics::Module] Initialized MultithreadedJobDispatcher with 23 workers.
Refreshing native plugins compatible for Editor in 32.53 ms, found 3 plugins.
Preloading 0 native plugins for Editor in 0.00 ms.
Initialize engine version: 2022.3.16f1 (d2c21f0ef2f1)
[Subsystems] Discovering subsystems at path C:/Program Files/Unity/Hub/Editor/2022.3.16f1/Editor/Data/Resources/UnitySubsystems
[Subsystems] Discovering subsystems at path C:/Users/24025873/Documents/GitHub/Jogo-Refirestation/Mapa/Assets
GfxDevice: creating device client; threaded=0; jobified=0
Direct3D:
    Version:  Direct3D 11.0 [level 11.1]
    Renderer: NVIDIA GeForce RTX 3060 (ID=0x2504)
    Vendor:   NVIDIA
    VRAM:     12129 MB
    Driver:   31.0.15.3667
Initialize mono
Mono path[0] = 'C:/Program Files/Unity/Hub/Editor/2022.3.16f1/Editor/Data/Managed'
Mono path[1] = 'C:/Program Files/Unity/Hub/Editor/2022.3.16f1/Editor/Data/MonoBleedingEdge/lib/mono/unityjit-win32'
Mono config path = 'C:/Program Files/Unity/Hub/Editor/2022.3.16f1/Editor/Data/MonoBleedingEdge/etc'
Using monoOptions --debugger-agent=transport=dt_socket,embedding=1,server=y,suspend=n,address=127.0.0.1:56340
Begin MonoManager ReloadAssembly
Registering precompiled unity dll's ...
Register platform support module: C:/Program Files/Unity/Hub/Editor/2022.3.16f1/Editor/Data/PlaybackEngines/WindowsStandaloneSupport/UnityEditor.WindowsStandalone.Extensions.dll
Registered in 0.012589 seconds.
- Loaded All Assemblies, in  0.326 seconds
Native extension for WindowsStandalone target not found
Mono: successfully reloaded assembly
- Finished resetting the current domain, in  0.249 seconds
Domain Reload Profiling: 570ms
	BeginReloadAssembly (87ms)
		ExecutionOrderSort (0ms)
		DisableScriptedObjects (0ms)
		BackupInstance (0ms)
		ReleaseScriptingObjects (0ms)
		CreateAndSetChildDomain (0ms)
	RebuildCommonClasses (31ms)
	RebuildNativeTypeToScriptingClass (10ms)
	initialDomainReloadingComplete (73ms)
	LoadAllAssembliesAndSetupDomain (120ms)
		LoadAssemblies (84ms)
		RebuildTransferFunctionScriptingTraits (0ms)
		AnalyzeDomain (118ms)
			TypeCache.Refresh (116ms)
				TypeCache.ScanAssembly (104ms)
			ScanForSourceGeneratedMonoScriptInfo (0ms)
			ResolveRequiredComponents (0ms)
	FinalizeReload (249ms)
		ReleaseScriptCaches (0ms)
		RebuildScriptCaches (0ms)
		SetupLoadedEditorAssemblies (196ms)
			LogAssemblyErrors (0ms)
			InitializePlatformSupportModulesInManaged (10ms)
			SetLoadedEditorAssemblies (6ms)
			RefreshPlugins (0ms)
			BeforeProcessingInitializeOnLoad (2ms)
			ProcessInitializeOnLoadAttributes (134ms)
			ProcessInitializeOnLoadMethodAttributes (43ms)
			AfterProcessingInitializeOnLoad (0ms)
			EditorAssembliesLoaded (0ms)
		ExecutionOrderSort2 (0ms)
		AwakeInstancesAfterBackupRestoration (0ms)
========================================================================
Worker process is ready to serve import requests
Begin MonoManager ReloadAssembly
Symbol file LoadedFromMemory is not a mono symbol file
- Loaded All Assemblies, in  0.787 seconds
Refreshing native plugins compatible for Editor in 18.91 ms, found 3 plugins.
Native extension for WindowsStandalone target not found
Package Manager log level set to [2]
[Package Manager] Server::EnsureServerProcessIsRunning -- launch failed, reason: Unity was launched with the -noUpm command-line argument
[Package Manager] UpmClient::Send -- Unable to send message (not connected to UPM process).
[Package Manager] Cannot connect to Unity Package Manager local server
Mono: successfully reloaded assembly
- Finished resetting the current domain, in  0.674 seconds
Domain Reload Profiling: 1446ms
	BeginReloadAssembly (140ms)
		ExecutionOrderSort (0ms)
		DisableScriptedObjects (5ms)
		BackupInstance (0ms)
		ReleaseScriptingObjects (0ms)
		CreateAndSetChildDomain (19ms)
	RebuildCommonClasses (31ms)
	RebuildNativeTypeToScriptingClass (10ms)
	initialDomainReloadingComplete (57ms)
	LoadAllAssembliesAndSetupDomain (534ms)
		LoadAssemblies (425ms)
		RebuildTransferFunctionScriptingTraits (0ms)
		AnalyzeDomain (191ms)
			TypeCache.Refresh (162ms)
				TypeCache.ScanAssembly (144ms)
			ScanForSourceGeneratedMonoScriptInfo (23ms)
			ResolveRequiredComponents (4ms)
	FinalizeReload (674ms)
		ReleaseScriptCaches (0ms)
		RebuildScriptCaches (0ms)
		SetupLoadedEditorAssemblies (541ms)
			LogAssemblyErrors (0ms)
			InitializePlatformSupportModulesInManaged (8ms)
			SetLoadedEditorAssemblies (3ms)
			RefreshPlugins (0ms)
			BeforeProcessingInitializeOnLoad (87ms)
			ProcessInitializeOnLoadAttributes (286ms)
			ProcessInitializeOnLoadMethodAttributes (139ms)
			AfterProcessingInitializeOnLoad (18ms)
			EditorAssembliesLoaded (0ms)
		ExecutionOrderSort2 (0ms)
		AwakeInstancesAfterBackupRestoration (7ms)
Launched and connected shader compiler UnityShaderCompiler.exe after 0.04 seconds
Refreshing native plugins compatible for Editor in 14.37 ms, found 3 plugins.
Preloading 0 native plugins for Editor in 0.00 ms.
Unloading 3484 Unused Serialized files (Serialized files now loaded: 0)
Unloading 59 unused Assets / (66.9 KB). Loaded Objects now: 3952.
Memory consumption went from 146.4 MB to 146.3 MB.
Total: 3.984400 ms (FindLiveObjects: 0.142700 ms CreateObjectMapping: 0.038400 ms MarkObjects: 3.707600 ms  DeleteObjects: 0.095200 ms)

AssetImportParameters requested are different than current active one (requested -> active):
  custom:container-demuxer-ogg: 62fdf1f143b41e24485cea50d1cbac27 -> 
  custom:video-decoder-ogg-theora: a1e56fd34408186e4bbccfd4996cb3dc -> 
  custom:framework-win-MediaFoundation: 216162199b28c13a410421893ffa2e32 -> 
  custom:CustomObjectIndexerAttribute: 43b350a4d6e6d1791af0b5038c4bea17 -> 
  custom:container-demuxer-webm: 4f35f7cbe854078d1ac9338744f61a02 -> 
  custom:container-muxer-webm: aa71ff27fc2769a1b78a27578f13a17b -> 
  custom:video-decoder-webm-vp8: 9c59270c3fd7afecdb556c50c9e8de78 -> 
  custom:SearchIndexIgnoredProperties: e643bd26f0fe6173181afceb89e7c659 -> 
  custom:AudioImporter_EditorPlatform: d09bf68614088b80899f8185d706f6e7 -> 
  custom:video-encoder-webm-vp8: eb34c28f22e8b96e1ab97ce403110664 -> 
  custom:audio-decoder-ogg-vorbis: bf7c407c2cedff20999df2af8eb42d56 -> 
  custom:audio-encoder-webm-vorbis: bf7c407c2cedff20999df2af8eb42d56 -> 
========================================================================
Received Import Request.
  Time since last request: 946.173246 seconds.
  path: Assets/Materials/Pure Poly/SimpleNaturePack/Models/Bush_01.fbx
  artifactKey: Guid(d8ea93d2d4757e444a5349f4bc849128) Importer(815301076,1909f56bfc062723c751e8b465ee728b)
Start importing Assets/Materials/Pure Poly/SimpleNaturePack/Models/Bush_01.fbx using Guid(d8ea93d2d4757e444a5349f4bc849128) Importer(815301076,1909f56bfc062723c751e8b465ee728b)  -> (artifact id: '4aa366a7e8ea5e264d60aed7d6e8e6d1') in 0.247039 seconds
Number of updated asset objects reloaded before import = 0
Number of asset objects unloaded after import = 15
========================================================================
Received Import Request.
  Time since last request: 76.397988 seconds.
  path: Assets/Materials/Pure Poly/SimpleNaturePack/Models/Stump_01.fbx
  artifactKey: Guid(768be665aba8b4e4aae7a973ae9616cf) Importer(815301076,1909f56bfc062723c751e8b465ee728b)
Start importing Assets/Materials/Pure Poly/SimpleNaturePack/Models/Stump_01.fbx using Guid(768be665aba8b4e4aae7a973ae9616cf) Importer(815301076,1909f56bfc062723c751e8b465ee728b)  -> (artifact id: '51ab6116e3189bfb9933c8d06e8a0f46') in 0.154268 seconds
Number of updated asset objects reloaded before import = 0
Number of asset objects unloaded after import = 15
========================================================================
Received Import Request.
  Time since last request: 584.316938 seconds.
  path: Assets/Materials/Pure Poly/Fantasy Skybox FREE/Scenes/Brush_Grass_01.png
  artifactKey: Guid(e3970f24555e12a46b75cdf5140ff23e) Importer(815301076,1909f56bfc062723c751e8b465ee728b)
Start importing Assets/Materials/Pure Poly/Fantasy Skybox FREE/Scenes/Brush_Grass_01.png using Guid(e3970f24555e12a46b75cdf5140ff23e) Importer(815301076,1909f56bfc062723c751e8b465ee728b)  -> (artifact id: 'd36e589e97299e4a5bee6e3b4ca60a62') in 0.105491 seconds
Number of updated asset objects reloaded before import = 0
Number of asset objects unloaded after import = 2
========================================================================
Received Import Request.
  Time since last request: 0.000016 seconds.
  path: Assets/Materials/Pure Poly/BrokenVector/LowPolyTreePack/Textures/Colorsheet Tree Cold.png
  artifactKey: Guid(ed297eb21cb5e5e4188600ba2d272554) Importer(815301076,1909f56bfc062723c751e8b465ee728b)
Start importing Assets/Materials/Pure Poly/BrokenVector/LowPolyTreePack/Textures/Colorsheet Tree Cold.png using Guid(ed297eb21cb5e5e4188600ba2d272554) Importer(815301076,1909f56bfc062723c751e8b465ee728b)  -> (artifact id: '3a31025d16c970fb01f94fc20f7f40fa') in 0.069395 seconds
Number of updated asset objects reloaded before import = 0
Number of asset objects unloaded after import = 2
========================================================================
Received Import Request.
  Time since last request: 26.792656 seconds.
  path: Assets/Materials/Pure Poly/Fantasy Skybox FREE/Cubemaps/FS002/Images/FS002_Night_Moonless_Cubemap.cubemap
  artifactKey: Guid(6af7725426e611242b59b886806f5cb9) Importer(815301076,1909f56bfc062723c751e8b465ee728b)
Start importing Assets/Materials/Pure Poly/Fantasy Skybox FREE/Cubemaps/FS002/Images/FS002_Night_Moonless_Cubemap.cubemap using Guid(6af7725426e611242b59b886806f5cb9) Importer(815301076,1909f56bfc062723c751e8b465ee728b)  -> (artifact id: '6aef872969ac8d6bd0ec859819fb985c') in 0.325982 seconds
Number of updated asset objects reloaded before import = 0
Number of asset objects unloaded after import = 1
========================================================================
Received Import Request.
  Time since last request: 0.000020 seconds.
  path: Assets/Materials/Pure Poly/Fantasy Skybox FREE/Cubemaps/FS003/Images/FS003_Night_Cubemap_back.png
  artifactKey: Guid(e0542c8851c689547bb3a6f78e9b5845) Importer(815301076,1909f56bfc062723c751e8b465ee728b)
Start importing Assets/Materials/Pure Poly/Fantasy Skybox FREE/Cubemaps/FS003/Images/FS003_Night_Cubemap_back.png using Guid(e0542c8851c689547bb3a6f78e9b5845) Importer(815301076,1909f56bfc062723c751e8b465ee728b)  -> (artifact id: 'f2c4b57d2744d7b2554ef06aa0c6f2b8') in 0.039529 seconds
Number of updated asset objects reloaded before import = 0
Number of asset objects unloaded after import = 2
========================================================================
Received Import Request.
  Time since last request: 0.000022 seconds.
  path: Assets/Materials/Pure Poly/Fantasy Skybox FREE/Panoramics/FS003/FS003_Night_Moonless.png
  artifactKey: Guid(6185794ad33085a4a9f8446781cb8f15) Importer(815301076,1909f56bfc062723c751e8b465ee728b)
Start importing Assets/Materials/Pure Poly/Fantasy Skybox FREE/Panoramics/FS003/FS003_Night_Moonless.png using Guid(6185794ad33085a4a9f8446781cb8f15) Importer(815301076,1909f56bfc062723c751e8b465ee728b)  -> (artifact id: '6fa42a2e2a939255484571286774fe2e') in 0.016593 seconds
Number of updated asset objects reloaded before import = 0
Number of asset objects unloaded after import = 2
========================================================================
Received Import Request.
  Time since last request: 0.000013 seconds.
  path: Assets/Materials/Pure Poly/Fantasy Skybox FREE/Cubemaps/FS003/Images/FS003_Night_Cubemap_down.png
  artifactKey: Guid(b1640b8d29bde89459ccc716a7109c0f) Importer(815301076,1909f56bfc062723c751e8b465ee728b)
Start importing Assets/Materials/Pure Poly/Fantasy Skybox FREE/Cubemaps/FS003/Images/FS003_Night_Cubemap_down.png using Guid(b1640b8d29bde89459ccc716a7109c0f) Importer(815301076,1909f56bfc062723c751e8b465ee728b)  -> (artifact id: 'b4ec8bb365ae4181a39c4eae8b1ee929') in 0.020322 seconds
Number of updated asset objects reloaded before import = 0
Number of asset objects unloaded after import = 2
========================================================================
Received Import Request.
  Time since last request: 0.000015 seconds.
  path: Assets/Materials/Pure Poly/Fantasy Skybox FREE/Cubemaps/FS003/Images/FS003_Night_Moonless_Cubemap.cubemap
  artifactKey: Guid(e0f4f9c3f5dac244bae8a8a4b4181a9d) Importer(815301076,1909f56bfc062723c751e8b465ee728b)
Start importing Assets/Materials/Pure Poly/Fantasy Skybox FREE/Cubemaps/FS003/Images/FS003_Night_Moonless_Cubemap.cubemap using Guid(e0f4f9c3f5dac244bae8a8a4b4181a9d) Importer(815301076,1909f56bfc062723c751e8b465ee728b)  -> (artifact id: '45e11a3ef9bd02ec8ab5e29d80c03ca6') in 0.192639 seconds
Number of updated asset objects reloaded before import = 0
Number of asset objects unloaded after import = 1
========================================================================
Received Import Request.
  Time since last request: 0.000018 seconds.
  path: Assets/Materials/Pure Poly/Fantasy Skybox FREE/Panoramics/FS003/FS003_Sunset.png
  artifactKey: Guid(846cce7d90ad21b4b80fcb937193081e) Importer(815301076,1909f56bfc062723c751e8b465ee728b)
Start importing Assets/Materials/Pure Poly/Fantasy Skybox FREE/Panoramics/FS003/FS003_Sunset.png using Guid(846cce7d90ad21b4b80fcb937193081e) Importer(815301076,1909f56bfc062723c751e8b465ee728b)  -> (artifact id: '774f5acd6c7881fc3f6fb4c9a693e38c') in 0.015427 seconds
Number of updated asset objects reloaded before import = 0
Number of asset objects unloaded after import = 2
========================================================================
Received Import Request.
  Time since last request: 0.000023 seconds.
  path: Assets/Materials/Pure Poly/Fantasy Skybox FREE/Cubemaps/FS003/Images/FS003_Sunset_Cubemap.cubemap
  artifactKey: Guid(0698dbe339272fb429c6722ca4423bea) Importer(815301076,1909f56bfc062723c751e8b465ee728b)
Start importing Assets/Materials/Pure Poly/Fantasy Skybox FREE/Cubemaps/FS003/Images/FS003_Sunset_Cubemap.cubemap using Guid(0698dbe339272fb429c6722ca4423bea) Importer(815301076,1909f56bfc062723c751e8b465ee728b)  -> (artifact id: '62106f33c83ddc45c93be4c1eb012d23') in 0.203243 seconds
Number of updated asset objects reloaded before import = 0
Number of asset objects unloaded after import = 1
========================================================================
Received Import Request.
  Time since last request: 0.000016 seconds.
  path: Assets/Materials/Pure Poly/Fantasy Skybox FREE/Panoramics/FS013/FS013_Night_Moonless.png
  artifactKey: Guid(a81552b25f3b36b43b82a6c5daf6e098) Importer(815301076,1909f56bfc062723c751e8b465ee728b)
Start importing Assets/Materials/Pure Poly/Fantasy Skybox FREE/Panoramics/FS013/FS013_Night_Moonless.png using Guid(a81552b25f3b36b43b82a6c5daf6e098) Importer(815301076,1909f56bfc062723c751e8b465ee728b)  -> (artifact id: '94617b4435783b84e9f68c9391846bb8') in 0.014634 seconds
Number of updated asset objects reloaded before import = 0
Number of asset objects unloaded after import = 2
========================================================================
Received Import Request.
  Time since last request: 0.000021 seconds.
  path: Assets/Materials/Pure Poly/Fantasy Skybox FREE/Panoramics/FS013/FS013_Rainy.png
  artifactKey: Guid(f5aa48695cf2eae40a79ff8630af2aef) Importer(815301076,1909f56bfc062723c751e8b465ee728b)
Start importing Assets/Materials/Pure Poly/Fantasy Skybox FREE/Panoramics/FS013/FS013_Rainy.png using Guid(f5aa48695cf2eae40a79ff8630af2aef) Importer(815301076,1909f56bfc062723c751e8b465ee728b)  -> (artifact id: '44cd8141e6055b34cfc30251334e45fd') in 0.015544 seconds
Number of updated asset objects reloaded before import = 0
Number of asset objects unloaded after import = 2
========================================================================
Received Import Request.
  Time since last request: 0.000015 seconds.
  path: Assets/Materials/Pure Poly/Fantasy Skybox FREE/Cubemaps/FS002/Images/FS002_Sunrise_Cubemap.cubemap
  artifactKey: Guid(a068c526daeca0c4ea9bdbec9a251bd6) Importer(815301076,1909f56bfc062723c751e8b465ee728b)
Start importing Assets/Materials/Pure Poly/Fantasy Skybox FREE/Cubemaps/FS002/Images/FS002_Sunrise_Cubemap.cubemap using Guid(a068c526daeca0c4ea9bdbec9a251bd6) Importer(815301076,1909f56bfc062723c751e8b465ee728b)  -> (artifact id: 'd33effa1d18b0171109b79652ac61339') in 0.187066 seconds
Number of updated asset objects reloaded before import = 0
Number of asset objects unloaded after import = 1
========================================================================
Received Import Request.
  Time since last request: 0.000014 seconds.
  path: Assets/Materials/Pure Poly/Fantasy Skybox FREE/Cubemaps/FS003/Images/FS003_Day_Sunless_Cubemap_down.png
  artifactKey: Guid(d33547bdc1205634284abdfc244313f0) Importer(815301076,1909f56bfc062723c751e8b465ee728b)
Start importing Assets/Materials/Pure Poly/Fantasy Skybox FREE/Cubemaps/FS003/Images/FS003_Day_Sunless_Cubemap_down.png using Guid(d33547bdc1205634284abdfc244313f0) Importer(815301076,1909f56bfc062723c751e8b465ee728b)  -> (artifact id: 'c04827bafd0a7dd457e20b57385f73bd') in 0.014290 seconds
Number of updated asset objects reloaded before import = 0
Number of asset objects unloaded after import = 2
========================================================================
Received Import Request.
  Time since last request: 0.000018 seconds.
  path: Assets/Materials/Pure Poly/Fantasy Skybox FREE/Panoramics/FS013/FS013_Night.png
  artifactKey: Guid(134608dbb5b4b3e458e3567b13281134) Importer(815301076,1909f56bfc062723c751e8b465ee728b)
Start importing Assets/Materials/Pure Poly/Fantasy Skybox FREE/Panoramics/FS013/FS013_Night.png using Guid(134608dbb5b4b3e458e3567b13281134) Importer(815301076,1909f56bfc062723c751e8b465ee728b)  -> (artifact id: 'beb638a62eea5f503b64116c8f141de5') in 0.015745 seconds
Number of updated asset objects reloaded before import = 0
Number of asset objects unloaded after import = 2
========================================================================
Received Import Request.
  Time since last request: 0.000020 seconds.
  path: Assets/Materials/Pure Poly/Fantasy Skybox FREE/Cubemaps/FS017/Images/FS017_Day_Cubemap.cubemap
  artifactKey: Guid(4a17136d4157535469a91305bf7a462c) Importer(815301076,1909f56bfc062723c751e8b465ee728b)
Start importing Assets/Materials/Pure Poly/Fantasy Skybox FREE/Cubemaps/FS017/Images/FS017_Day_Cubemap.cubemap using Guid(4a17136d4157535469a91305bf7a462c) Importer(815301076,1909f56bfc062723c751e8b465ee728b)  -> (artifact id: '4c16037b75eeb1506023f346f90e506e') in 0.187728 seconds
Number of updated asset objects reloaded before import = 0
Number of asset objects unloaded after import = 1
========================================================================
Received Import Request.
  Time since last request: 0.000013 seconds.
  path: Assets/Materials/Pure Poly/Fantasy Skybox FREE/Cubemaps/FS017/Images/FS017_Night_Cubemap_up.png
  artifactKey: Guid(8f817f454fe4cdc4aabf11e6505cfc23) Importer(815301076,1909f56bfc062723c751e8b465ee728b)
Start importing Assets/Materials/Pure Poly/Fantasy Skybox FREE/Cubemaps/FS017/Images/FS017_Night_Cubemap_up.png using Guid(8f817f454fe4cdc4aabf11e6505cfc23) Importer(815301076,1909f56bfc062723c751e8b465ee728b)  -> (artifact id: 'fb6c0cd62d9b648e7b8b4e14723380dc') in 0.014934 seconds
Number of updated asset objects reloaded before import = 0
Number of asset objects unloaded after import = 2
========================================================================
Received Import Request.
  Time since last request: 0.000016 seconds.
  path: Assets/Materials/Pure Poly/Fantasy Skybox FREE/Panoramics/FS017/FS017_Day_Sunless.png
  artifactKey: Guid(268c93021d7cf59469304bd4e244f156) Importer(815301076,1909f56bfc062723c751e8b465ee728b)
Start importing Assets/Materials/Pure Poly/Fantasy Skybox FREE/Panoramics/FS017/FS017_Day_Sunless.png using Guid(268c93021d7cf59469304bd4e244f156) Importer(815301076,1909f56bfc062723c751e8b465ee728b)  -> (artifact id: '30522ca5609ffcc5186872cb145f0edc') in 0.015643 seconds
Number of updated asset objects reloaded before import = 0
Number of asset objects unloaded after import = 2
========================================================================
Received Import Request.
  Time since last request: 0.000023 seconds.
  path: Assets/Materials/Pure Poly/Fantasy Skybox FREE/Cubemaps/FS017/Images/FS017_Night_Moonless_Cubemap.cubemap
  artifactKey: Guid(acc436ef816f9b6468f9797fc42011be) Importer(815301076,1909f56bfc062723c751e8b465ee728b)
Start importing Assets/Materials/Pure Poly/Fantasy Skybox FREE/Cubemaps/FS017/Images/FS017_Night_Moonless_Cubemap.cubemap using Guid(acc436ef816f9b6468f9797fc42011be) Importer(815301076,1909f56bfc062723c751e8b465ee728b)  -> (artifact id: '9d9b3c257456872884d80d192362c362') in 0.183947 seconds
Number of updated asset objects reloaded before import = 0
Number of asset objects unloaded after import = 1
========================================================================
Received Import Request.
  Time since last request: 0.000013 seconds.
  path: Assets/Materials/Pure Poly/Fantasy Skybox FREE/Cubemaps/FS017/Images/FS017_Sunset_Cubemap_left.png
  artifactKey: Guid(2f0be5e2b05a3ca4a9d559e1bb41da62) Importer(815301076,1909f56bfc062723c751e8b465ee728b)
Start importing Assets/Materials/Pure Poly/Fantasy Skybox FREE/Cubemaps/FS017/Images/FS017_Sunset_Cubemap_left.png using Guid(2f0be5e2b05a3ca4a9d559e1bb41da62) Importer(815301076,1909f56bfc062723c751e8b465ee728b)  -> (artifact id: '37214f39d1f76db301a670a1df80a20e') in 0.016451 seconds
Number of updated asset objects reloaded before import = 0
Number of asset objects unloaded after import = 2
========================================================================
Received Import Request.
  Time since last request: 0.000016 seconds.
  path: Assets/Materials/Pure Poly/Fantasy Skybox FREE/Panoramics/FS017/FS017_Sunset.png
  artifactKey: Guid(89878140665978f4f9f27f55a61fb12d) Importer(815301076,1909f56bfc062723c751e8b465ee728b)
Start importing Assets/Materials/Pure Poly/Fantasy Skybox FREE/Panoramics/FS017/FS017_Sunset.png using Guid(89878140665978f4f9f27f55a61fb12d) Importer(815301076,1909f56bfc062723c751e8b465ee728b)  -> (artifact id: 'd46165ebd598d402213cd15366f978b4') in 0.016408 seconds
Number of updated asset objects reloaded before import = 0
Number of asset objects unloaded after import = 2
========================================================================
Received Import Request.
  Time since last request: 0.000021 seconds.
  path: Assets/Materials/Pure Poly/Fantasy Skybox FREE/Cubemaps/FS017/Images/FS017_Sunrise_Cubemap_up.png
  artifactKey: Guid(5f5a9db8167fcea43a8ee471b4a6045d) Importer(815301076,1909f56bfc062723c751e8b465ee728b)
Start importing Assets/Materials/Pure Poly/Fantasy Skybox FREE/Cubemaps/FS017/Images/FS017_Sunrise_Cubemap_up.png using Guid(5f5a9db8167fcea43a8ee471b4a6045d) Importer(815301076,1909f56bfc062723c751e8b465ee728b)  -> (artifact id: '733b02402eebab01f64e86ebdfc662dc') in 0.015836 seconds
Number of updated asset objects reloaded before import = 0
Number of asset objects unloaded after import = 2
========================================================================
Received Import Request.
  Time since last request: 0.000013 seconds.
  path: Assets/Materials/Pure Poly/Fantasy Skybox FREE/Cubemaps/FS017/Images/FS017_Sunset_Cubemap_up.png
  artifactKey: Guid(eb9cbd3937dcffc47a72742793e246bc) Importer(815301076,1909f56bfc062723c751e8b465ee728b)
Start importing Assets/Materials/Pure Poly/Fantasy Skybox FREE/Cubemaps/FS017/Images/FS017_Sunset_Cubemap_up.png using Guid(eb9cbd3937dcffc47a72742793e246bc) Importer(815301076,1909f56bfc062723c751e8b465ee728b)  -> (artifact id: 'a02167094dedd44bda894fb807d27803') in 0.017161 seconds
Number of updated asset objects reloaded before import = 0
Number of asset objects unloaded after import = 2
========================================================================
Received Import Request.
  Time since last request: 0.000543 seconds.
  path: Assets/Materials/Pure Poly/Free Low Poly Nature Pack/Textures/PP_Color_Palette.png
  artifactKey: Guid(cffb506ec5b6cc94498def65473d32ed) Importer(815301076,1909f56bfc062723c751e8b465ee728b)
Start importing Assets/Materials/Pure Poly/Free Low Poly Nature Pack/Textures/PP_Color_Palette.png using Guid(cffb506ec5b6cc94498def65473d32ed) Importer(815301076,1909f56bfc062723c751e8b465ee728b)  -> (artifact id: 'c201b1159d971d5353fcaec47e3c9d0f') in 0.016347 seconds
Number of updated asset objects reloaded before import = 0
Number of asset objects unloaded after import = 2
========================================================================
Received Import Request.
  Time since last request: 0.000015 seconds.
  path: Assets/Materials/Pure Poly/Fantasy Skybox FREE/Cubemaps/FS017/Images/FS017_Sunset_Cubemap_down.png
  artifactKey: Guid(ee393cb60de7bf142b65e8aa668b54e6) Importer(815301076,1909f56bfc062723c751e8b465ee728b)
Start importing Assets/Materials/Pure Poly/Fantasy Skybox FREE/Cubemaps/FS017/Images/FS017_Sunset_Cubemap_down.png using Guid(ee393cb60de7bf142b65e8aa668b54e6) Importer(815301076,1909f56bfc062723c751e8b465ee728b)  -> (artifact id: 'f4d76de34cd0155640aa21bf81962078') in 0.017869 seconds
Number of updated asset objects reloaded before import = 0
Number of asset objects unloaded after import = 2
========================================================================
Received Import Request.
  Time since last request: 0.000013 seconds.
  path: Assets/Materials/Pure Poly/Fantasy Skybox FREE/Cubemaps/FS017/Images/FS017_Sunset_Cubemap_right.png
  artifactKey: Guid(f88176caefa96304eb645c1c278c20d5) Importer(815301076,1909f56bfc062723c751e8b465ee728b)
Start importing Assets/Materials/Pure Poly/Fantasy Skybox FREE/Cubemaps/FS017/Images/FS017_Sunset_Cubemap_right.png using Guid(f88176caefa96304eb645c1c278c20d5) Importer(815301076,1909f56bfc062723c751e8b465ee728b)  -> (artifact id: '0e9cc4065359b314762fc5de79781691') in 0.013617 seconds
Number of updated asset objects reloaded before import = 0
Number of asset objects unloaded after import = 2
========================================================================
Received Import Request.
  Time since last request: 0.000013 seconds.
  path: Assets/Materials/Pure Poly/Fantasy Skybox FREE/Cubemaps/FS017/Images/FS017_Sunrise_Cubemap.cubemap
  artifactKey: Guid(e794d818da7f2e84580cb524059c2772) Importer(815301076,1909f56bfc062723c751e8b465ee728b)
Start importing Assets/Materials/Pure Poly/Fantasy Skybox FREE/Cubemaps/FS017/Images/FS017_Sunrise_Cubemap.cubemap using Guid(e794d818da7f2e84580cb524059c2772) Importer(815301076,1909f56bfc062723c751e8b465ee728b)  -> (artifact id: '01fb6d15a05997472e987896a1b617bd') in 0.186772 seconds
Number of updated asset objects reloaded before import = 0
Number of asset objects unloaded after import = 1
========================================================================
Received Import Request.
  Time since last request: 0.000019 seconds.
  path: Assets/Materials/Pure Poly/Fantasy Skybox FREE/Cubemaps/FS017/Images/FS017_Day_Sunless_Cubemap_front.png
  artifactKey: Guid(21ee7f7028576cc45a7362b1eee364f1) Importer(815301076,1909f56bfc062723c751e8b465ee728b)
Start importing Assets/Materials/Pure Poly/Fantasy Skybox FREE/Cubemaps/FS017/Images/FS017_Day_Sunless_Cubemap_front.png using Guid(21ee7f7028576cc45a7362b1eee364f1) Importer(815301076,1909f56bfc062723c751e8b465ee728b)  -> (artifact id: '709946bf69461bcd4377ebdc1542d1ba') in 0.016932 seconds
Number of updated asset objects reloaded before import = 0
Number of asset objects unloaded after import = 2
========================================================================
Received Import Request.
  Time since last request: 0.000021 seconds.
  path: Assets/Materials/Pure Poly/Fantasy Skybox FREE/Panoramics/FS003/FS003_Night.png
  artifactKey: Guid(323f1ea1bce78fe4c90b2286fa1997e2) Importer(815301076,1909f56bfc062723c751e8b465ee728b)
Start importing Assets/Materials/Pure Poly/Fantasy Skybox FREE/Panoramics/FS003/FS003_Night.png using Guid(323f1ea1bce78fe4c90b2286fa1997e2) Importer(815301076,1909f56bfc062723c751e8b465ee728b)  -> (artifact id: 'a6ee36b27d7b17c261132abe9dfe01f0') in 0.015870 seconds
Number of updated asset objects reloaded before import = 0
Number of asset objects unloaded after import = 2
========================================================================
Received Import Request.
  Time since last request: 0.000010 seconds.
  path: Assets/Materials/Pure Poly/Fantasy Skybox FREE/Cubemaps/FS017/Images/FS017_Day_Sunless_Cubemap_back.png
  artifactKey: Guid(21f443f7e34cecd4cab409d082d9e70e) Importer(815301076,1909f56bfc062723c751e8b465ee728b)
Start importing Assets/Materials/Pure Poly/Fantasy Skybox FREE/Cubemaps/FS017/Images/FS017_Day_Sunless_Cubemap_back.png using Guid(21f443f7e34cecd4cab409d082d9e70e) Importer(815301076,1909f56bfc062723c751e8b465ee728b)  -> (artifact id: '3afc04625fa7fba4b41c56cb21caf6c7') in 0.016671 seconds
Number of updated asset objects reloaded before import = 0
Number of asset objects unloaded after import = 2
========================================================================
Received Import Request.
  Time since last request: 0.000012 seconds.
  path: Assets/Materials/Pure Poly/Fantasy Skybox FREE/Cubemaps/FS017/Images/FS017_Night_Cubemap.cubemap
  artifactKey: Guid(6e79ade78c22a8f4d8a1383480696763) Importer(815301076,1909f56bfc062723c751e8b465ee728b)
Start importing Assets/Materials/Pure Poly/Fantasy Skybox FREE/Cubemaps/FS017/Images/FS017_Night_Cubemap.cubemap using Guid(6e79ade78c22a8f4d8a1383480696763) Importer(815301076,1909f56bfc062723c751e8b465ee728b)  -> (artifact id: '363c6f9696ad4b68bfe3df9003e57d0d') in 0.184931 seconds
Number of updated asset objects reloaded before import = 0
Number of asset objects unloaded after import = 1
========================================================================
Received Import Request.
  Time since last request: 0.000013 seconds.
  path: Assets/Materials/Pure Poly/Fantasy Skybox FREE/Cubemaps/FS017/Images/FS017_Sunset_Cubemap_front.png
  artifactKey: Guid(528c16267a381804d8f60399ed04802b) Importer(815301076,1909f56bfc062723c751e8b465ee728b)
Start importing Assets/Materials/Pure Poly/Fantasy Skybox FREE/Cubemaps/FS017/Images/FS017_Sunset_Cubemap_front.png using Guid(528c16267a381804d8f60399ed04802b) Importer(815301076,1909f56bfc062723c751e8b465ee728b)  -> (artifact id: '7bdce925ec1ef8f051e639b1990239e2') in 0.014429 seconds
Number of updated asset objects reloaded before import = 0
Number of asset objects unloaded after import = 2
========================================================================
Received Import Request.
  Time since last request: 0.000022 seconds.
  path: Assets/Materials/Pure Poly/Fantasy Skybox FREE/Cubemaps/FS003/Images/FS003_Night_Cubemap_front.png
  artifactKey: Guid(99cfb9c227fe67048851a5a2b3ca4a69) Importer(815301076,1909f56bfc062723c751e8b465ee728b)
Start importing Assets/Materials/Pure Poly/Fantasy Skybox FREE/Cubemaps/FS003/Images/FS003_Night_Cubemap_front.png using Guid(99cfb9c227fe67048851a5a2b3ca4a69) Importer(815301076,1909f56bfc062723c751e8b465ee728b)  -> (artifact id: '7472e333d5d94db000dae589d0635e25') in 0.015906 seconds
Number of updated asset objects reloaded before import = 0
Number of asset objects unloaded after import = 2
========================================================================
Received Import Request.
  Time since last request: 0.000013 seconds.
  path: Assets/Materials/Pure Poly/Fantasy Skybox FREE/Scenes/Texure_Rock_Normal.png
  artifactKey: Guid(758b1fc63752a1e44957111d5af9b00c) Importer(815301076,1909f56bfc062723c751e8b465ee728b)
Start importing Assets/Materials/Pure Poly/Fantasy Skybox FREE/Scenes/Texure_Rock_Normal.png using Guid(758b1fc63752a1e44957111d5af9b00c) Importer(815301076,1909f56bfc062723c751e8b465ee728b)  -> (artifact id: '6a45aaca4b9d31b35248c2759cf1317a') in 0.023435 seconds
Number of updated asset objects reloaded before import = 0
Number of asset objects unloaded after import = 2
========================================================================
Received Import Request.
  Time since last request: 0.000015 seconds.
  path: Assets/Materials/Pure Poly/Fantasy Skybox FREE/Cubemaps/FS017/Images/FS017_Day_Cubemap_back.png
  artifactKey: Guid(9efdf258ab793c74a93866e6f9f3852d) Importer(815301076,1909f56bfc062723c751e8b465ee728b)
Start importing Assets/Materials/Pure Poly/Fantasy Skybox FREE/Cubemaps/FS017/Images/FS017_Day_Cubemap_back.png using Guid(9efdf258ab793c74a93866e6f9f3852d) Importer(815301076,1909f56bfc062723c751e8b465ee728b)  -> (artifact id: '0030aaaec48211894d1f29c163de7fa2') in 0.015096 seconds
Number of updated asset objects reloaded before import = 0
Number of asset objects unloaded after import = 2
========================================================================
Received Import Request.
  Time since last request: 0.065348 seconds.
  path: Assets/Materials/Pure Poly/Fantasy Skybox FREE/Cubemaps/FS017/Images/FS017_Sunrise_Cubemap_left.png
  artifactKey: Guid(a07e393a31bd98042be3a8796358ed55) Importer(815301076,1909f56bfc062723c751e8b465ee728b)
Start importing Assets/Materials/Pure Poly/Fantasy Skybox FREE/Cubemaps/FS017/Images/FS017_Sunrise_Cubemap_left.png using Guid(a07e393a31bd98042be3a8796358ed55) Importer(815301076,1909f56bfc062723c751e8b465ee728b)  -> (artifact id: '2abc41867f081d297b8acafb85250f96') in 0.016463 seconds
Number of updated asset objects reloaded before import = 0
Number of asset objects unloaded after import = 2
========================================================================
Received Import Request.
  Time since last request: 0.000012 seconds.
  path: Assets/Materials/Pure Poly/Fantasy Skybox FREE/Cubemaps/FS017/Images/FS017_Sunrise_Cubemap_right.png
  artifactKey: Guid(30a536d4e8ace7f48af4f6b10160d04b) Importer(815301076,1909f56bfc062723c751e8b465ee728b)
Start importing Assets/Materials/Pure Poly/Fantasy Skybox FREE/Cubemaps/FS017/Images/FS017_Sunrise_Cubemap_right.png using Guid(30a536d4e8ace7f48af4f6b10160d04b) Importer(815301076,1909f56bfc062723c751e8b465ee728b)  -> (artifact id: '3549087c3ec6cb5ef2ce39a2c204cf28') in 0.014758 seconds
Number of updated asset objects reloaded before import = 0
Number of asset objects unloaded after import = 2
========================================================================
Received Import Request.
  Time since last request: 0.095224 seconds.
  path: Assets/Materials/Pure Poly/Fantasy Skybox FREE/Cubemaps/FS017/Images/FS017_Snowy_Cubemap_up.png
  artifactKey: Guid(0ea9881999d66544aa0ac1415c929033) Importer(815301076,1909f56bfc062723c751e8b465ee728b)
Start importing Assets/Materials/Pure Poly/Fantasy Skybox FREE/Cubemaps/FS017/Images/FS017_Snowy_Cubemap_up.png using Guid(0ea9881999d66544aa0ac1415c929033) Importer(815301076,1909f56bfc062723c751e8b465ee728b)  -> (artifact id: '25c6ffb47fff4fe9fac785c9a77b7b71') in 0.016712 seconds
Number of updated asset objects reloaded before import = 0
Number of asset objects unloaded after import = 2
========================================================================
Received Import Request.
  Time since last request: 0.000013 seconds.
  path: Assets/Materials/Pure Poly/Fantasy Skybox FREE/Cubemaps/FS017/Images/FS017_Snowy_Cubemap_left.png
  artifactKey: Guid(a9256522eb37d134a8e591e1faeb00b9) Importer(815301076,1909f56bfc062723c751e8b465ee728b)
Start importing Assets/Materials/Pure Poly/Fantasy Skybox FREE/Cubemaps/FS017/Images/FS017_Snowy_Cubemap_left.png using Guid(a9256522eb37d134a8e591e1faeb00b9) Importer(815301076,1909f56bfc062723c751e8b465ee728b)  -> (artifact id: 'f0eba734dd9193d891f82961826eae0e') in 0.016730 seconds
Number of updated asset objects reloaded before import = 0
Number of asset objects unloaded after import = 2
========================================================================
Received Import Request.
  Time since last request: 0.000014 seconds.
  path: Assets/Materials/Pure Poly/Fantasy Skybox FREE/Cubemaps/FS017/Images/FS017_Snowy_Cubemap_back.png
  artifactKey: Guid(93e9efc68eb3d904f94f90521df25bbc) Importer(815301076,1909f56bfc062723c751e8b465ee728b)
Start importing Assets/Materials/Pure Poly/Fantasy Skybox FREE/Cubemaps/FS017/Images/FS017_Snowy_Cubemap_back.png using Guid(93e9efc68eb3d904f94f90521df25bbc) Importer(815301076,1909f56bfc062723c751e8b465ee728b)  -> (artifact id: '4e3b29d05e23c377054f4fb982e38f63') in 0.012391 seconds
Number of updated asset objects reloaded before import = 0
Number of asset objects unloaded after import = 2
========================================================================
Received Import Request.
  Time since last request: 0.092285 seconds.
  path: Assets/Materials/Pure Poly/Fantasy Skybox FREE/Cubemaps/FS017/Images/FS017_Rainy_Cubemap_back.png
  artifactKey: Guid(4676adb9ddb10894aa1ab60ff29414f5) Importer(815301076,1909f56bfc062723c751e8b465ee728b)
Start importing Assets/Materials/Pure Poly/Fantasy Skybox FREE/Cubemaps/FS017/Images/FS017_Rainy_Cubemap_back.png using Guid(4676adb9ddb10894aa1ab60ff29414f5) Importer(815301076,1909f56bfc062723c751e8b465ee728b)  -> (artifact id: 'a6578b4ceaaf4fa9f060471fea51933e') in 0.015759 seconds
Number of updated asset objects reloaded before import = 0
Number of asset objects unloaded after import = 2
========================================================================
Received Import Request.
  Time since last request: 1.395211 seconds.
  path: Assets/Materials/Pure Poly/Fantasy Skybox FREE/Cubemaps/FS017/Images/FS017_Night_Moonless_Cubemap_up.png
  artifactKey: Guid(95bbdcf4ca504cd418f827c63be23bd9) Importer(815301076,1909f56bfc062723c751e8b465ee728b)
Start importing Assets/Materials/Pure Poly/Fantasy Skybox FREE/Cubemaps/FS017/Images/FS017_Night_Moonless_Cubemap_up.png using Guid(95bbdcf4ca504cd418f827c63be23bd9) Importer(815301076,1909f56bfc062723c751e8b465ee728b)  -> (artifact id: '41ae134a40881e7584cd6d447c74188b') in 0.017042 seconds
Number of updated asset objects reloaded before import = 0
Number of asset objects unloaded after import = 2
========================================================================
Received Import Request.
  Time since last request: 0.025127 seconds.
  path: Assets/Materials/Pure Poly/Fantasy Skybox FREE/Cubemaps/FS017/Images/FS017_Night_Moonless_Cubemap_front.png
  artifactKey: Guid(cba7f06c484374d4294367a2f24ef4df) Importer(815301076,1909f56bfc062723c751e8b465ee728b)
Start importing Assets/Materials/Pure Poly/Fantasy Skybox FREE/Cubemaps/FS017/Images/FS017_Night_Moonless_Cubemap_front.png using Guid(cba7f06c484374d4294367a2f24ef4df) Importer(815301076,1909f56bfc062723c751e8b465ee728b)  -> (artifact id: '353f409402042cd8c5e1877e4392e560') in 0.017730 seconds
Number of updated asset objects reloaded before import = 0
Number of asset objects unloaded after import = 2
========================================================================
Received Prepare
Begin MonoManager ReloadAssembly
Symbol file LoadedFromMemory is not a mono symbol file
- Loaded All Assemblies, in  0.843 seconds
Refreshing native plugins compatible for Editor in 32.50 ms, found 3 plugins.
Native extension for WindowsStandalone target not found
[Package Manager] Server::EnsureServerProcessIsRunning -- launch failed, reason: Unity was launched with the -noUpm command-line argument
[Package Manager] UpmClient::Send -- Unable to send message (not connected to UPM process).
[Package Manager] Cannot connect to Unity Package Manager local server
Mono: successfully reloaded assembly
- Finished resetting the current domain, in  1.803 seconds
Domain Reload Profiling: 2623ms
	BeginReloadAssembly (195ms)
		ExecutionOrderSort (0ms)
		DisableScriptedObjects (6ms)
		BackupInstance (0ms)
		ReleaseScriptingObjects (0ms)
		CreateAndSetChildDomain (40ms)
	RebuildCommonClasses (37ms)
	RebuildNativeTypeToScriptingClass (13ms)
	initialDomainReloadingComplete (62ms)
	LoadAllAssembliesAndSetupDomain (512ms)
		LoadAssemblies (594ms)
		RebuildTransferFunctionScriptingTraits (0ms)
		AnalyzeDomain (17ms)
			TypeCache.Refresh (9ms)
				TypeCache.ScanAssembly (0ms)
			ScanForSourceGeneratedMonoScriptInfo (0ms)
			ResolveRequiredComponents (7ms)
	FinalizeReload (1804ms)
		ReleaseScriptCaches (0ms)
		RebuildScriptCaches (0ms)
		SetupLoadedEditorAssemblies (753ms)
			LogAssemblyErrors (0ms)
			InitializePlatformSupportModulesInManaged (12ms)
			SetLoadedEditorAssemblies (5ms)
			RefreshPlugins (0ms)
			BeforeProcessingInitializeOnLoad (126ms)
			ProcessInitializeOnLoadAttributes (368ms)
			ProcessInitializeOnLoadMethodAttributes (211ms)
			AfterProcessingInitializeOnLoad (30ms)
			EditorAssembliesLoaded (0ms)
		ExecutionOrderSort2 (0ms)
		AwakeInstancesAfterBackupRestoration (12ms)
Refreshing native plugins compatible for Editor in 40.95 ms, found 3 plugins.
Preloading 0 native plugins for Editor in 0.00 ms.
Unloading 3476 Unused Serialized files (Serialized files now loaded: 0)
Unloading 44 unused Assets / (40.0 KB). Loaded Objects now: 3997.
Memory consumption went from 151.6 MB to 151.6 MB.
Total: 8.761200 ms (FindLiveObjects: 0.323600 ms CreateObjectMapping: 0.100800 ms MarkObjects: 8.268400 ms  DeleteObjects: 0.067200 ms)

Prepare: number of updated asset objects reloaded= 0
AssetImportParameters requested are different than current active one (requested -> active):
  custom:container-demuxer-ogg: 62fdf1f143b41e24485cea50d1cbac27 -> 
  custom:video-decoder-ogg-theora: a1e56fd34408186e4bbccfd4996cb3dc -> 
  custom:framework-win-MediaFoundation: 216162199b28c13a410421893ffa2e32 -> 
  custom:CustomObjectIndexerAttribute: 43b350a4d6e6d1791af0b5038c4bea17 -> 
  custom:container-demuxer-webm: 4f35f7cbe854078d1ac9338744f61a02 -> 
  custom:container-muxer-webm: aa71ff27fc2769a1b78a27578f13a17b -> 
  custom:video-decoder-webm-vp8: 9c59270c3fd7afecdb556c50c9e8de78 -> 
  custom:SearchIndexIgnoredProperties: e643bd26f0fe6173181afceb89e7c659 -> 
  custom:AudioImporter_EditorPlatform: d09bf68614088b80899f8185d706f6e7 -> 
  custom:video-encoder-webm-vp8: eb34c28f22e8b96e1ab97ce403110664 -> 
  custom:audio-decoder-ogg-vorbis: bf7c407c2cedff20999df2af8eb42d56 -> 
  custom:audio-encoder-webm-vorbis: bf7c407c2cedff20999df2af8eb42d56 -> 
========================================================================
Received Prepare
Begin MonoManager ReloadAssembly
Symbol file LoadedFromMemory is not a mono symbol file
- Loaded All Assemblies, in  0.735 seconds
Refreshing native plugins compatible for Editor in 23.94 ms, found 3 plugins.
Native extension for WindowsStandalone target not found
[Package Manager] Server::EnsureServerProcessIsRunning -- launch failed, reason: Unity was launched with the -noUpm command-line argument
[Package Manager] UpmClient::Send -- Unable to send message (not connected to UPM process).
[Package Manager] Cannot connect to Unity Package Manager local server
Mono: successfully reloaded assembly
- Finished resetting the current domain, in  1.389 seconds
Domain Reload Profiling: 2109ms
	BeginReloadAssembly (191ms)
		ExecutionOrderSort (0ms)
		DisableScriptedObjects (6ms)
		BackupInstance (0ms)
		ReleaseScriptingObjects (0ms)
		CreateAndSetChildDomain (42ms)
	RebuildCommonClasses (31ms)
	RebuildNativeTypeToScriptingClass (11ms)
	initialDomainReloadingComplete (50ms)
	LoadAllAssembliesAndSetupDomain (437ms)
		LoadAssemblies (520ms)
		RebuildTransferFunctionScriptingTraits (0ms)
		AnalyzeDomain (15ms)
			TypeCache.Refresh (9ms)
				TypeCache.ScanAssembly (0ms)
			ScanForSourceGeneratedMonoScriptInfo (0ms)
			ResolveRequiredComponents (5ms)
	FinalizeReload (1389ms)
		ReleaseScriptCaches (0ms)
		RebuildScriptCaches (0ms)
		SetupLoadedEditorAssemblies (587ms)
			LogAssemblyErrors (0ms)
			InitializePlatformSupportModulesInManaged (10ms)
			SetLoadedEditorAssemblies (5ms)
			RefreshPlugins (0ms)
			BeforeProcessingInitializeOnLoad (104ms)
			ProcessInitializeOnLoadAttributes (286ms)
			ProcessInitializeOnLoadMethodAttributes (159ms)
			AfterProcessingInitializeOnLoad (23ms)
			EditorAssembliesLoaded (0ms)
		ExecutionOrderSort2 (0ms)
		AwakeInstancesAfterBackupRestoration (9ms)
Refreshing native plugins compatible for Editor in 31.58 ms, found 3 plugins.
Preloading 0 native plugins for Editor in 0.00 ms.
Unloading 3476 Unused Serialized files (Serialized files now loaded: 0)
Unloading 44 unused Assets / (40.0 KB). Loaded Objects now: 4000.
Memory consumption went from 153.6 MB to 153.5 MB.
Total: 6.894000 ms (FindLiveObjects: 0.292800 ms CreateObjectMapping: 0.134800 ms MarkObjects: 6.409100 ms  DeleteObjects: 0.056500 ms)

Prepare: number of updated asset objects reloaded= 0
AssetImportParameters requested are different than current active one (requested -> active):
  custom:container-demuxer-ogg: 62fdf1f143b41e24485cea50d1cbac27 -> 
  custom:video-decoder-ogg-theora: a1e56fd34408186e4bbccfd4996cb3dc -> 
  custom:framework-win-MediaFoundation: 216162199b28c13a410421893ffa2e32 -> 
  custom:CustomObjectIndexerAttribute: 43b350a4d6e6d1791af0b5038c4bea17 -> 
  custom:container-demuxer-webm: 4f35f7cbe854078d1ac9338744f61a02 -> 
  custom:container-muxer-webm: aa71ff27fc2769a1b78a27578f13a17b -> 
  custom:video-decoder-webm-vp8: 9c59270c3fd7afecdb556c50c9e8de78 -> 
  custom:SearchIndexIgnoredProperties: e643bd26f0fe6173181afceb89e7c659 -> 
  custom:AudioImporter_EditorPlatform: d09bf68614088b80899f8185d706f6e7 -> 
  custom:video-encoder-webm-vp8: eb34c28f22e8b96e1ab97ce403110664 -> 
  custom:audio-decoder-ogg-vorbis: bf7c407c2cedff20999df2af8eb42d56 -> 
  custom:audio-encoder-webm-vorbis: bf7c407c2cedff20999df2af8eb42d56 -> 
========================================================================
Received Prepare
Begin MonoManager ReloadAssembly
Symbol file LoadedFromMemory is not a mono symbol file
- Loaded All Assemblies, in  0.727 seconds
Refreshing native plugins compatible for Editor in 25.84 ms, found 3 plugins.
Native extension for WindowsStandalone target not found
[Package Manager] Server::EnsureServerProcessIsRunning -- launch failed, reason: Unity was launched with the -noUpm command-line argument
[Package Manager] UpmClient::Send -- Unable to send message (not connected to UPM process).
[Package Manager] Cannot connect to Unity Package Manager local server
Mono: successfully reloaded assembly
- Finished resetting the current domain, in  1.451 seconds
Domain Reload Profiling: 2161ms
	BeginReloadAssembly (191ms)
		ExecutionOrderSort (0ms)
		DisableScriptedObjects (6ms)
		BackupInstance (0ms)
		ReleaseScriptingObjects (0ms)
		CreateAndSetChildDomain (39ms)
	RebuildCommonClasses (36ms)
	RebuildNativeTypeToScriptingClass (12ms)
	initialDomainReloadingComplete (55ms)
	LoadAllAssembliesAndSetupDomain (416ms)
		LoadAssemblies (503ms)
		RebuildTransferFunctionScriptingTraits (0ms)
		AnalyzeDomain (16ms)
			TypeCache.Refresh (9ms)
				TypeCache.ScanAssembly (0ms)
			ScanForSourceGeneratedMonoScriptInfo (0ms)
			ResolveRequiredComponents (5ms)
	FinalizeReload (1451ms)
		ReleaseScriptCaches (0ms)
		RebuildScriptCaches (0ms)
		SetupLoadedEditorAssemblies (602ms)
			LogAssemblyErrors (0ms)
			InitializePlatformSupportModulesInManaged (10ms)
			SetLoadedEditorAssemblies (5ms)
			RefreshPlugins (0ms)
			BeforeProcessingInitializeOnLoad (102ms)
			ProcessInitializeOnLoadAttributes (289ms)
			ProcessInitializeOnLoadMethodAttributes (172ms)
			AfterProcessingInitializeOnLoad (24ms)
			EditorAssembliesLoaded (0ms)
		ExecutionOrderSort2 (0ms)
		AwakeInstancesAfterBackupRestoration (9ms)
Refreshing native plugins compatible for Editor in 28.15 ms, found 3 plugins.
Preloading 0 native plugins for Editor in 0.00 ms.
Unloading 3476 Unused Serialized files (Serialized files now loaded: 0)
Unloading 44 unused Assets / (40.0 KB). Loaded Objects now: 4003.
Memory consumption went from 155.5 MB to 155.5 MB.
Total: 6.804200 ms (FindLiveObjects: 0.268300 ms CreateObjectMapping: 0.141300 ms MarkObjects: 6.333100 ms  DeleteObjects: 0.060500 ms)

Prepare: number of updated asset objects reloaded= 0
AssetImportParameters requested are different than current active one (requested -> active):
  custom:container-demuxer-ogg: 62fdf1f143b41e24485cea50d1cbac27 -> 
  custom:video-decoder-ogg-theora: a1e56fd34408186e4bbccfd4996cb3dc -> 
  custom:framework-win-MediaFoundation: 216162199b28c13a410421893ffa2e32 -> 
  custom:CustomObjectIndexerAttribute: 43b350a4d6e6d1791af0b5038c4bea17 -> 
  custom:container-demuxer-webm: 4f35f7cbe854078d1ac9338744f61a02 -> 
  custom:container-muxer-webm: aa71ff27fc2769a1b78a27578f13a17b -> 
  custom:video-decoder-webm-vp8: 9c59270c3fd7afecdb556c50c9e8de78 -> 
  custom:SearchIndexIgnoredProperties: e643bd26f0fe6173181afceb89e7c659 -> 
  custom:AudioImporter_EditorPlatform: d09bf68614088b80899f8185d706f6e7 -> 
  custom:video-encoder-webm-vp8: eb34c28f22e8b96e1ab97ce403110664 -> 
  custom:audio-decoder-ogg-vorbis: bf7c407c2cedff20999df2af8eb42d56 -> 
  custom:audio-encoder-webm-vorbis: bf7c407c2cedff20999df2af8eb42d56 -> 
========================================================================
Received Prepare
Begin MonoManager ReloadAssembly
Symbol file LoadedFromMemory is not a mono symbol file
- Loaded All Assemblies, in  0.797 seconds
Refreshing native plugins compatible for Editor in 25.62 ms, found 3 plugins.
Native extension for WindowsStandalone target not found
[Package Manager] Server::EnsureServerProcessIsRunning -- launch failed, reason: Unity was launched with the -noUpm command-line argument
[Package Manager] UpmClient::Send -- Unable to send message (not connected to UPM process).
[Package Manager] Cannot connect to Unity Package Manager local server
Mono: successfully reloaded assembly
- Finished resetting the current domain, in  1.408 seconds
Domain Reload Profiling: 2186ms
	BeginReloadAssembly (194ms)
		ExecutionOrderSort (0ms)
		DisableScriptedObjects (6ms)
		BackupInstance (0ms)
		ReleaseScriptingObjects (0ms)
		CreateAndSetChildDomain (40ms)
	RebuildCommonClasses (35ms)
	RebuildNativeTypeToScriptingClass (12ms)
	initialDomainReloadingComplete (58ms)
	LoadAllAssembliesAndSetupDomain (478ms)
		LoadAssemblies (568ms)
		RebuildTransferFunctionScriptingTraits (0ms)
		AnalyzeDomain (15ms)
			TypeCache.Refresh (8ms)
				TypeCache.ScanAssembly (0ms)
			ScanForSourceGeneratedMonoScriptInfo (0ms)
			ResolveRequiredComponents (5ms)
	FinalizeReload (1408ms)
		ReleaseScriptCaches (0ms)
		RebuildScriptCaches (0ms)
		SetupLoadedEditorAssemblies (590ms)
			LogAssemblyErrors (0ms)
			InitializePlatformSupportModulesInManaged (9ms)
			SetLoadedEditorAssemblies (5ms)
			RefreshPlugins (0ms)
			BeforeProcessingInitializeOnLoad (102ms)
			ProcessInitializeOnLoadAttributes (290ms)
			ProcessInitializeOnLoadMethodAttributes (161ms)
			AfterProcessingInitializeOnLoad (23ms)
			EditorAssembliesLoaded (0ms)
		ExecutionOrderSort2 (0ms)
		AwakeInstancesAfterBackupRestoration (9ms)
Refreshing native plugins compatible for Editor in 32.51 ms, found 3 plugins.
Preloading 0 native plugins for Editor in 0.00 ms.
Unloading 3476 Unused Serialized files (Serialized files now loaded: 0)
Unloading 44 unused Assets / (39.9 KB). Loaded Objects now: 4006.
Memory consumption went from 157.5 MB to 157.4 MB.
Total: 6.261300 ms (FindLiveObjects: 0.271700 ms CreateObjectMapping: 0.095400 ms MarkObjects: 5.826700 ms  DeleteObjects: 0.066600 ms)

Prepare: number of updated asset objects reloaded= 0
AssetImportParameters requested are different than current active one (requested -> active):
  custom:container-demuxer-ogg: 62fdf1f143b41e24485cea50d1cbac27 -> 
  custom:video-decoder-ogg-theora: a1e56fd34408186e4bbccfd4996cb3dc -> 
  custom:framework-win-MediaFoundation: 216162199b28c13a410421893ffa2e32 -> 
  custom:CustomObjectIndexerAttribute: 43b350a4d6e6d1791af0b5038c4bea17 -> 
  custom:container-demuxer-webm: 4f35f7cbe854078d1ac9338744f61a02 -> 
  custom:container-muxer-webm: aa71ff27fc2769a1b78a27578f13a17b -> 
  custom:video-decoder-webm-vp8: 9c59270c3fd7afecdb556c50c9e8de78 -> 
  custom:SearchIndexIgnoredProperties: e643bd26f0fe6173181afceb89e7c659 -> 
  custom:AudioImporter_EditorPlatform: d09bf68614088b80899f8185d706f6e7 -> 
  custom:video-encoder-webm-vp8: eb34c28f22e8b96e1ab97ce403110664 -> 
  custom:audio-decoder-ogg-vorbis: bf7c407c2cedff20999df2af8eb42d56 -> 
  custom:audio-encoder-webm-vorbis: bf7c407c2cedff20999df2af8eb42d56 -> 
